2020-08-10 11:14:54 [scrapy.utils.log] INFO: Scrapy 2.3.0 started (bot: dbpedia)
2020-08-10 11:14:54 [scrapy.utils.log] INFO: Versions: lxml 4.5.2.0, libxml2 2.9.10, cssselect 1.1.0, parsel 1.6.0, w3lib 1.22.0, Twisted 20.3.0, Python 3.7.8 (default, Aug  9 2020, 09:45:27) - [GCC 9.3.0], pyOpenSSL 19.1.0 (OpenSSL 1.1.1g  21 Apr 2020), cryptography 3.0, Platform Linux-4.19.104-microsoft-standard-x86_64-with-debian-bullseye-sid
2020-08-10 11:14:54 [scrapy.crawler] INFO: Overridden settings:
{'BOT_NAME': 'dbpedia',
 'DOWNLOAD_DELAY': 1,
 'LOG_FILE': 'spider.log',
 'LOG_LEVEL': 'INFO',
 'NEWSPIDER_MODULE': 'dbpedia.spiders',
 'ROBOTSTXT_OBEY': True,
 'SPIDER_MODULES': ['dbpedia.spiders']}
2020-08-10 11:14:54 [scrapy.extensions.telnet] INFO: Telnet Password: aa35259a9180f4f9
2020-08-10 11:14:54 [scrapy.middleware] INFO: Enabled extensions:
['scrapy.extensions.corestats.CoreStats',
 'scrapy.extensions.telnet.TelnetConsole',
 'scrapy.extensions.memusage.MemoryUsage',
 'scrapy.extensions.logstats.LogStats']
2020-08-10 11:14:54 [scrapy.middleware] INFO: Enabled downloader middlewares:
['scrapy.downloadermiddlewares.robotstxt.RobotsTxtMiddleware',
 'scrapy.downloadermiddlewares.httpauth.HttpAuthMiddleware',
 'scrapy.downloadermiddlewares.downloadtimeout.DownloadTimeoutMiddleware',
 'scrapy.downloadermiddlewares.defaultheaders.DefaultHeadersMiddleware',
 'scrapy.downloadermiddlewares.useragent.UserAgentMiddleware',
 'scrapy.downloadermiddlewares.retry.RetryMiddleware',
 'scrapy.downloadermiddlewares.redirect.MetaRefreshMiddleware',
 'scrapy.downloadermiddlewares.httpcompression.HttpCompressionMiddleware',
 'scrapy.downloadermiddlewares.redirect.RedirectMiddleware',
 'scrapy.downloadermiddlewares.cookies.CookiesMiddleware',
 'scrapy.downloadermiddlewares.httpproxy.HttpProxyMiddleware',
 'scrapy.downloadermiddlewares.stats.DownloaderStats']
2020-08-10 11:14:54 [scrapy.middleware] INFO: Enabled spider middlewares:
['scrapy.spidermiddlewares.httperror.HttpErrorMiddleware',
 'scrapy.spidermiddlewares.offsite.OffsiteMiddleware',
 'scrapy.spidermiddlewares.referer.RefererMiddleware',
 'scrapy.spidermiddlewares.urllength.UrlLengthMiddleware',
 'scrapy.spidermiddlewares.depth.DepthMiddleware']
2020-08-10 11:14:54 [scrapy.middleware] INFO: Enabled item pipelines:
[]
2020-08-10 11:14:54 [scrapy.core.engine] INFO: Spider opened
2020-08-10 11:14:54 [scrapy.extensions.logstats] INFO: Crawled 0 pages (at 0 pages/min), scraped 0 items (at 0 items/min)
2020-08-10 11:14:54 [scrapy.extensions.telnet] INFO: Telnet console listening on 127.0.0.1:6023
2020-08-10 11:15:54 [scrapy.extensions.logstats] INFO: Crawled 5 pages (at 5 pages/min), scraped 0 items (at 0 items/min)
2020-08-10 11:16:36 [scrapy.crawler] INFO: Received SIGINT, shutting down gracefully. Send again to force 
2020-08-10 11:16:36 [scrapy.core.engine] INFO: Closing spider (shutdown)
2020-08-10 11:16:54 [scrapy.extensions.logstats] INFO: Crawled 11 pages (at 6 pages/min), scraped 0 items (at 0 items/min)
2020-08-10 11:17:54 [scrapy.extensions.logstats] INFO: Crawled 14 pages (at 3 pages/min), scraped 0 items (at 0 items/min)
2020-08-10 11:18:54 [scrapy.extensions.logstats] INFO: Crawled 14 pages (at 0 pages/min), scraped 0 items (at 0 items/min)
2020-08-10 11:19:54 [scrapy.extensions.logstats] INFO: Crawled 14 pages (at 0 pages/min), scraped 0 items (at 0 items/min)
2020-08-10 11:20:54 [scrapy.extensions.logstats] INFO: Crawled 14 pages (at 0 pages/min), scraped 0 items (at 0 items/min)
2020-08-10 11:21:54 [scrapy.extensions.logstats] INFO: Crawled 14 pages (at 0 pages/min), scraped 0 items (at 0 items/min)
2020-08-10 11:22:36 [scrapy.statscollectors] INFO: Dumping Scrapy stats:
{'downloader/exception_count': 13,
 'downloader/exception_type_count/twisted.internet.error.TimeoutError': 13,
 'downloader/request_bytes': 8423,
 'downloader/request_count': 27,
 'downloader/request_method_count/GET': 27,
 'downloader/response_bytes': 36451,
 'downloader/response_count': 14,
 'downloader/response_status_count/200': 14,
 'dupefilter/filtered': 17,
 'elapsed_time_seconds': 461.713749,
 'finish_reason': 'shutdown',
 'finish_time': datetime.datetime(2020, 8, 10, 3, 22, 36, 364812),
 'log_count/INFO': 18,
 'memusage/max': 82341888,
 'memusage/startup': 78942208,
 'request_depth_max': 2,
 'response_received_count': 14,
 'retry/count': 13,
 'retry/reason_count/twisted.internet.error.TimeoutError': 13,
 'robotstxt/request_count': 1,
 'robotstxt/response_count': 1,
 'robotstxt/response_status_count/200': 1,
 'scheduler/dequeued': 26,
 'scheduler/dequeued/memory': 26,
 'scheduler/enqueued': 68,
 'scheduler/enqueued/memory': 68,
 'start_time': datetime.datetime(2020, 8, 10, 3, 14, 54, 651063)}
2020-08-10 11:22:36 [scrapy.core.engine] INFO: Spider closed (shutdown)
